TN:
SF:/home/auri/wier24/UnixCal/driver.c
FN:3,driver
FNDA:210,driver
DA:3,210
DA:5,210
DA:7,206
DA:8,206
DA:10,4
end_of_record
TN:
SF:/home/auri/wier24/UnixCal/UnixCal.c
FN:20,main
FNDA:210,main
FN:38,dispatch
FNDA:206,dispatch
FN:105,pstr
FNDA:1350,pstr
FN:131,cal
FNDA:489,cal
FN:191,jan1
FNDA:978,jan1
DA:20,210
DA:24,210
DA:25,4
DA:27,4
DA:31,206
DA:33,4
DA:38,206
DA:44,206
DA:45,54
DA:49,152
DA:53,5
DA:54,5
DA:55,5
DA:56,5
DA:58,147
DA:59,147
DA:60,51
DA:61,51
DA:63,96
DA:64,96
DA:65,8
DA:66,8
DA:69,93
DA:70,93
DA:71,93
DA:72,651
DA:73,558
DA:74,93
DA:76,54
DA:80,54
DA:81,54
DA:82,21
DA:83,21
DA:85,33
DA:86,33
DA:87,33
DA:88,165
DA:89,57156
DA:90,57024
DA:91,132
DA:92,132
DA:93,132
DA:94,132
DA:95,132
DA:96,132
DA:97,132
DA:98,924
DA:99,792
DA:101,33
DA:102,33
DA:105,1350
DA:111,1350
DA:112,1350
DA:113,71766
DA:114,70416
DA:115,45387
DA:116,1350
DA:117,18577
DA:118,18442
DA:119,1215
DA:120,1350
DA:121,1350
DA:122,1350
DA:131,489
DA:137,489
DA:138,489
DA:139,489
DA:140,489
DA:142,489
DA:147,294
DA:148,294
DA:149,294
DA:154,78
DA:155,78
DA:156,78
DA:161,489
DA:164,2984
DA:165,2495
DA:166,489
DA:167,489
DA:168,15162
DA:169,14673
DA:170,12
DA:171,12
DA:173,14673
DA:174,10356
DA:175,14673
DA:176,14673
DA:177,14673
DA:178,14673
DA:179,2114
DA:180,2114
DA:181,2114
DA:184,489
DA:191,978
DA:200,978
DA:201,978
DA:209,978
DA:210,126
DA:211,126
DA:218,978
DA:219,204
DA:221,978
end_of_record
